{"level":"info","message":"Serveur démarré sur le port 5000"}
{"level":"info","message":"Serveur démarré sur le port 5000"}
{"level":"info","message":"Serveur démarré sur le port 5000"}
{"level":"info","message":"Serveur démarré sur le port 5000"}
{"level":"info","message":"Serveur démarré sur le port 5000"}
{"level":"info","message":"Serveur démarré sur le port 5000"}
{"level":"info","message":"Serveur démarré sur le port 5000"}
{"level":"info","message":"Serveur démarré sur le port 5000"}
{"level":"info","message":"Serveur démarré sur le port 5000"}
{"level":"info","message":"Serveur démarré sur le port 5000"}
{"level":"info","message":"Serveur démarré sur le port 5000"}
{"level":"info","message":"Serveur démarré sur le port 5000"}
{"level":"info","message":"Serveur démarré sur le port 5000"}
{"level":"info","message":"Serveur démarré sur le port 5000"}
{"level":"info","message":"Serveur démarré sur le port 5000"}
{"level":"info","message":"Serveur démarré sur le port 5000"}
{"level":"info","message":"Serveur démarré sur le port 5000"}
{"level":"info","message":"Serveur démarré sur le port 5000"}
{"level":"info","message":"Serveur démarré sur le port 5000"}
{"level":"info","message":"Serveur démarré sur le port 5000"}
{"level":"info","message":"Serveur démarré sur le port 5000"}
{"level":"info","message":"Serveur démarré sur le port 5000"}
{"level":"info","message":"Serveur démarré sur le port 5000"}
{"level":"info","message":"Serveur démarré sur le port 5000"}
{"level":"info","message":"Serveur démarré sur le port 5000"}
{"level":"info","message":"Serveur démarré sur le port 5000"}
{"level":"info","message":"Serveur démarré sur le port 5000"}
{"level":"info","message":"Serveur démarré sur le port 5000"}
{"level":"info","message":"Serveur démarré sur le port 5000"}
{"level":"info","message":"Serveur démarré sur le port 5000"}
{"level":"info","message":"Serveur démarré sur le port 5000"}
{"level":"info","message":"Serveur démarré sur le port 5000"}
{"level":"info","message":"Serveur démarré sur le port 5000"}
{"level":"info","message":"Serveur démarré sur le port 5000"}
{"level":"info","message":"Serveur démarré sur le port 5000"}
{"level":"info","message":"Serveur démarré sur le port 5000"}
{"level":"info","message":"Serveur démarré sur le port 5000"}
{"level":"info","message":"Serveur démarré sur le port 5000"}
{"level":"info","message":"Serveur démarré sur le port 5000"}
{"level":"info","message":"Serveur démarré sur le port 5000"}
{"level":"info","message":"Serveur démarré sur le port 5000"}
{"level":"info","message":"Serveur démarré sur le port 5000"}
{"level":"info","message":"Serveur démarré sur le port 5000"}
{"level":"info","message":"Serveur démarré sur le port 5000"}
{"level":"info","message":"Serveur démarré sur le port 5000"}
{"level":"info","message":"Serveur démarré sur le port 5000"}
{"level":"info","message":"Serveur démarré sur le port 5000"}
{"level":"info","message":"Serveur démarré sur le port 5000"}
{"level":"info","message":"Serveur démarré sur le port 5000"}
{"level":"info","message":"Serveur démarré sur le port 5000"}
{"level":"info","message":"Serveur démarré sur le port 5000"}
{"level":"info","message":"Serveur démarré sur le port 5000"}
{"level":"info","message":"Serveur démarré sur le port 5000"}
{"level":"info","message":"Serveur démarré sur le port 5000"}
{"level":"info","message":"Serveur démarré sur le port 5000"}
{"level":"info","message":"Serveur démarré sur le port 5000"}
{"level":"info","message":"Serveur démarré sur le port 5000"}
{"level":"info","message":"Serveur démarré sur le port 5000"}
{"level":"info","message":"Serveur démarré sur le port 5000"}
{"level":"info","message":"Serveur démarré sur le port 5000"}
{"level":"info","message":"Serveur démarré sur le port 5000"}
{"level":"info","message":"Serveur démarré sur le port 5000"}
{"level":"info","message":"Serveur démarré sur le port 5000"}
{"level":"info","message":"Serveur démarré sur le port 5000"}
{"level":"info","message":"Serveur démarré sur le port 5000"}
{"level":"info","message":"Serveur démarré sur le port 5000"}
{"level":"info","message":"Serveur démarré sur le port 5000"}
{"level":"info","message":"Serveur démarré sur le port 5000"}
{"level":"info","message":"Serveur démarré sur le port 5000"}
{"level":"info","message":"Serveur démarré sur le port 5000"}
{"level":"info","message":"Serveur démarré sur le port 5000"}
{"level":"info","message":"Serveur démarré sur le port 5000"}
{"level":"info","message":"Serveur démarré sur le port 5000"}
{"level":"info","message":"Serveur démarré sur le port 5000"}
{"level":"info","message":"Serveur démarré sur le port 5000"}
{"level":"info","message":"Serveur démarré sur le port 5000"}
{"level":"info","message":"Serveur démarré sur le port 5000"}
{"level":"info","message":"Serveur démarré sur le port 5000"}
{"level":"info","message":"Serveur démarré sur le port 5000"}
{"level":"info","message":"Serveur démarré sur le port 5000"}
{"level":"info","message":"Serveur démarré sur le port 5000"}
{"level":"info","message":"Serveur démarré sur le port 5000"}
{"level":"info","message":"Serveur démarré sur le port 5000"}
{"level":"info","message":"Serveur démarré sur le port 5000"}
{"level":"info","message":"Serveur démarré sur le port 5000"}
{"level":"info","message":"Serveur démarré sur le port 5000"}
{"level":"info","message":"Serveur démarré sur le port 5000"}
{"level":"info","message":"Serveur démarré sur le port 5000"}
{"level":"info","message":"Serveur démarré sur le port 5000"}
{"level":"info","message":"Serveur démarré sur le port 5000"}
{"level":"info","message":"Serveur démarré sur le port 5000"}
{"level":"info","message":"Serveur démarré sur le port 5000"}
{"level":"info","message":"Serveur démarré sur le port 5000"}
{"level":"info","message":"Serveur démarré sur le port 5000"}
{"level":"info","message":"Serveur démarré sur le port 5000"}
{"level":"info","message":"Serveur démarré sur le port 5000"}
{"level":"info","message":"Serveur démarré sur le port 5000"}
{"level":"info","message":"Serveur démarré sur le port 5000"}
{"level":"info","message":"Serveur démarré sur le port 5000"}
{"level":"info","message":"Serveur démarré sur le port 5000"}
{"level":"info","message":"Serveur démarré sur le port 5000"}
{"level":"info","message":"Serveur démarré sur le port 5000"}
{"level":"info","message":"Serveur démarré sur le port 5000"}
{"level":"info","message":"Serveur démarré sur le port 5000"}
{"level":"info","message":"Serveur démarré sur le port 5000"}
{"level":"info","message":"Serveur démarré sur le port 5000"}
{"level":"info","message":"Serveur démarré sur le port 5000"}
{"level":"info","message":"Serveur démarré sur le port 5000"}
{"level":"info","message":"Serveur démarré sur le port 5000"}
{"level":"info","message":"Serveur démarré sur le port 5000"}
{"level":"info","message":"Serveur démarré sur le port 5000"}
{"level":"info","message":"Serveur démarré sur le port 5000"}
{"level":"info","message":"Serveur démarré sur le port 5000"}
{"level":"info","message":"Serveur démarré sur le port 5000"}
{"level":"info","message":"Serveur démarré sur le port 5000"}
{"level":"info","message":"Serveur démarré sur le port 5000"}
{"level":"info","message":"Serveur démarré sur le port 5000"}
{"level":"info","message":"Serveur démarré sur le port 5000"}
{"level":"info","message":"Serveur démarré sur le port 5000"}
{"level":"info","message":"Serveur démarré sur le port 5000"}
{"level":"info","message":"Serveur démarré sur le port 5000"}
{"level":"info","message":"Serveur démarré sur le port 5000"}
{"level":"info","message":"Serveur démarré sur le port 5000"}
{"level":"info","message":"Serveur démarré sur le port 5000"}
{"level":"info","message":"Serveur démarré sur le port 5000"}
{"level":"info","message":"Serveur démarré sur le port 5000"}
{"level":"info","message":"Serveur démarré sur le port 5000"}
{"level":"info","message":"Serveur démarré sur le port 5000"}
{"level":"info","message":"Serveur démarré sur le port 5000"}
{"level":"info","message":"Serveur démarré sur le port 5000"}
{"level":"info","message":"Serveur démarré sur le port 5000"}
{"level":"info","message":"Serveur démarré sur le port 5000"}
{"level":"info","message":"Serveur démarré sur le port 5000"}
{"level":"info","message":"Serveur démarré sur le port 5000"}
{"level":"info","message":"Serveur démarré sur le port 5000"}
{"level":"info","message":"Serveur démarré sur le port 5000"}
{"level":"info","message":"Serveur démarré sur le port 5000"}
{"level":"info","message":"Serveur démarré sur le port 5000"}
{"level":"info","message":"Serveur démarré sur le port 5000"}
{"level":"info","message":"Serveur démarré sur le port 5000"}
{"level":"info","message":"Serveur démarré sur le port 5000"}
{"level":"info","message":"Serveur démarré sur le port 5000"}
{"level":"info","message":"Serveur démarré sur le port 5000"}
{"level":"info","message":"Serveur démarré sur le port 5000"}
{"level":"info","message":"Serveur démarré sur le port 5000"}
{"level":"info","message":"Serveur démarré sur le port 5000"}
{"level":"info","message":"Serveur démarré sur le port 5000"}
{"level":"info","message":"Serveur démarré sur le port 5000"}
{"level":"info","message":"Serveur démarré sur le port 5000"}
{"level":"info","message":"Serveur démarré sur le port 5000"}
{"level":"info","message":"Serveur démarré sur le port 5000"}
{"level":"info","message":"Serveur démarré sur le port 5000"}
{"level":"info","message":"Serveur démarré sur le port 5000"}
{"level":"info","message":"Serveur démarré sur le port 5000"}
{"level":"info","message":"Serveur démarré sur le port 5000"}
{"level":"info","message":"Serveur démarré sur le port 5000"}
{"level":"info","message":"Serveur démarré sur le port 5000"}
{"level":"info","message":"Serveur démarré sur le port 5000"}
{"level":"info","message":"Serveur démarré sur le port 5000"}
{"level":"info","message":"Serveur démarré sur le port 5000"}
{"level":"info","message":"Serveur démarré sur le port 5000"}
{"level":"info","message":"Serveur démarré sur le port 5000"}
{"level":"info","message":"Serveur démarré sur le port 5000"}
{"level":"info","message":"Serveur démarré sur le port 5000"}
{"level":"info","message":"Serveur démarré sur le port 5000"}
{"level":"info","message":"Serveur démarré sur le port 5000"}
{"level":"info","message":"Serveur démarré sur le port 5000"}
{"level":"info","message":"Serveur démarré sur le port 5000"}
{"level":"info","message":"Serveur démarré sur le port 5000"}
{"level":"info","message":"Serveur démarré sur le port 5000"}
{"level":"info","message":"Serveur démarré sur le port 5000"}
{"level":"info","message":"Serveur démarré sur le port 5000"}
{"level":"info","message":"Serveur démarré sur le port 5000"}
{"level":"info","message":"Serveur démarré sur le port 5000"}
{"level":"info","message":"Serveur démarré sur le port 5000"}
{"level":"info","message":"Serveur démarré sur le port 5000"}
{"level":"info","message":"Serveur démarré sur le port 5000"}
{"level":"info","message":"Serveur démarré sur le port 5000"}
{"level":"info","message":"Serveur démarré sur le port 5000"}
{"level":"info","message":"Serveur démarré sur le port 5000"}
{"level":"info","message":"Serveur démarré sur le port 5000"}
{"level":"info","message":"Serveur démarré sur le port 5000"}
{"level":"info","message":"Serveur démarré sur le port 5000"}
{"level":"info","message":"Serveur démarré sur le port 5000"}
{"level":"info","message":"Serveur démarré sur le port 5000"}
{"level":"info","message":"Serveur démarré sur le port 5000"}
{"level":"info","message":"Serveur démarré sur le port 5000"}
{"level":"info","message":"Serveur démarré sur le port 5000"}
{"level":"info","message":"Serveur démarré sur le port 5000"}
{"level":"info","message":"Serveur démarré sur le port 5000"}
{"level":"info","message":"Serveur démarré sur le port 5000"}
{"level":"info","message":"Serveur démarré sur le port 5000"}
{"level":"info","message":"Serveur démarré sur le port 5000"}
{"level":"info","message":"Serveur démarré sur le port 5000"}
{"level":"info","message":"Serveur démarré sur le port 5000"}
{"level":"info","message":"Serveur démarré sur le port 5000"}
{"level":"info","message":"Serveur démarré sur le port 5000"}
{"level":"info","message":"Serveur démarré sur le port 5000"}
{"level":"info","message":"Serveur démarré sur le port 5000"}
{"level":"info","message":"Serveur démarré sur le port 5000"}
{"level":"info","message":"Serveur démarré sur le port 5000"}
{"level":"info","message":"Serveur démarré sur le port 5000"}
{"level":"info","message":"Serveur démarré sur le port 5000"}
{"level":"info","message":"Serveur démarré sur le port 5000"}
{"level":"info","message":"Serveur démarré sur le port 5000"}
{"level":"info","message":"Serveur démarré sur le port 5000"}
{"level":"info","message":"Serveur démarré sur le port 5000"}
{"level":"info","message":"Serveur démarré sur le port 5000"}
{"level":"info","message":"Serveur démarré sur le port 5000"}
{"level":"info","message":"Serveur démarré sur le port 5000"}
{"level":"info","message":"Serveur démarré sur le port 5000"}
{"level":"info","message":"Serveur démarré sur le port 5000"}
{"level":"info","message":"Serveur démarré sur le port 5000"}
{"level":"info","message":"Serveur démarré sur le port 5000"}
{"level":"info","message":"Serveur démarré sur le port 5000"}
{"level":"info","message":"Serveur démarré sur le port 5000"}
{"level":"info","message":"Serveur démarré sur le port 5000"}
{"level":"info","message":"Serveur démarré sur le port 5000"}
{"level":"info","message":"Serveur démarré sur le port 5000"}
{"level":"info","message":"Serveur démarré sur le port 5000"}
{"level":"info","message":"Serveur démarré sur le port 5000"}
{"level":"info","message":"Serveur démarré sur le port 5000"}
{"level":"info","message":"Serveur démarré sur le port 5000"}
{"level":"info","message":"Serveur démarré sur le port 5000"}
{"level":"info","message":"Serveur démarré sur le port 5000"}
{"level":"info","message":"Serveur démarré sur le port 5000"}
{"level":"info","message":"Serveur démarré sur le port 5000"}
{"level":"info","message":"Serveur démarré sur le port 5000"}
{"level":"info","message":"Requête reçue : GET /user/all"}
{"level":"error","message":"Access denied. No token provided"}
{"level":"info","message":"Serveur démarré sur le port 5000"}
{"level":"info","message":"Serveur démarré sur le port 5000"}
{"level":"info","message":"Serveur démarré sur le port 5000"}
{"level":"info","message":"Serveur démarré sur le port 5000"}
{"level":"info","message":"Serveur démarré sur le port 5000"}
{"level":"info","message":"Serveur démarré sur le port 5000"}
{"level":"info","message":"Serveur démarré sur le port 5000"}
{"level":"info","message":"Serveur démarré sur le port 5000"}
{"level":"info","message":"Serveur démarré sur le port 5000"}
{"level":"info","message":"Serveur démarré sur le port 5000"}
{"level":"info","message":"Serveur démarré sur le port 5000"}
{"level":"info","message":"Serveur démarré sur le port 5000"}
{"level":"info","message":"Serveur démarré sur le port 5000"}
{"level":"info","message":"Serveur démarré sur le port 5000"}
{"level":"info","message":"Serveur démarré sur le port 5000"}
{"level":"info","message":"Serveur démarré sur le port 5000"}
{"level":"info","message":"Serveur démarré sur le port 5000"}
{"level":"info","message":"Serveur démarré sur le port 5000"}
{"level":"info","message":"Serveur démarré sur le port 5000"}
{"level":"info","message":"Serveur démarré sur le port 5000"}
{"level":"info","message":"Serveur démarré sur le port 5000"}
{"level":"info","message":"Serveur démarré sur le port 5000"}
{"level":"info","message":"Serveur démarré sur le port 5000"}
{"level":"info","message":"Serveur démarré sur le port 5000"}
{"level":"info","message":"Serveur démarré sur le port 5000"}
{"level":"info","message":"Serveur démarré sur le port 5000"}
{"level":"info","message":"Serveur démarré sur le port 5000"}
{"level":"info","message":"Serveur démarré sur le port 5000"}
{"level":"info","message":"Serveur démarré sur le port 5000"}
{"level":"info","message":"Serveur démarré sur le port 5000"}
{"level":"info","message":"Serveur démarré sur le port 5000"}
{"level":"info","message":"Serveur démarré sur le port 5000"}
{"level":"info","message":"Serveur démarré sur le port 5000"}
{"level":"info","message":"Serveur démarré sur le port 5000"}
{"level":"info","message":"Serveur démarré sur le port 5000"}
{"level":"info","message":"Serveur démarré sur le port 5000"}
{"level":"info","message":"Serveur démarré sur le port 5000"}
{"level":"info","message":"Serveur démarré sur le port 5000"}
{"level":"info","message":"Serveur démarré sur le port 5000"}
{"level":"info","message":"Serveur démarré sur le port 5000"}
{"level":"info","message":"Serveur démarré sur le port 5000"}
{"level":"info","message":"Serveur démarré sur le port 5000"}
{"level":"info","message":"Serveur démarré sur le port 5000"}
{"level":"info","message":"Serveur démarré sur le port 5000"}
{"level":"info","message":"Serveur démarré sur le port 5000"}
{"level":"info","message":"Serveur démarré sur le port 5000"}
{"level":"info","message":"Serveur démarré sur le port 5000"}
{"level":"info","message":"Serveur démarré sur le port 5000"}
{"level":"info","message":"Serveur démarré sur le port 5000"}
{"level":"info","message":"Serveur démarré sur le port 5000"}
{"level":"info","message":"Serveur démarré sur le port 5000"}
{"level":"info","message":"Serveur démarré sur le port 5000"}
{"level":"info","message":"Serveur démarré sur le port 5000"}
{"level":"info","message":"Serveur démarré sur le port 5000"}
{"level":"info","message":"Serveur démarré sur le port 5000"}
{"level":"info","message":"Serveur démarré sur le port 5000"}
{"level":"info","message":"Serveur démarré sur le port 5000"}
{"level":"info","message":"Serveur démarré sur le port 5000"}
{"level":"info","message":"Serveur démarré sur le port 5000"}
{"level":"info","message":"Serveur démarré sur le port 5000"}
{"level":"info","message":"Serveur démarré sur le port 5000"}
{"level":"info","message":"Serveur démarré sur le port 5000"}
{"level":"info","message":"Serveur démarré sur le port 5000"}
{"level":"info","message":"Serveur démarré sur le port 5000"}
{"level":"info","message":"Serveur démarré sur le port 5000"}
{"level":"info","message":"Serveur démarré sur le port 5000"}
{"level":"info","message":"Serveur démarré sur le port 5000"}
{"level":"info","message":"Serveur démarré sur le port 5000"}
{"level":"info","message":"Serveur démarré sur le port 5000"}
{"level":"info","message":"Serveur démarré sur le port 5000"}
{"level":"info","message":"Serveur démarré sur le port 5000"}
{"level":"info","message":"Serveur démarré sur le port 5000"}
{"level":"info","message":"Serveur démarré sur le port 5000"}
{"level":"info","message":"Serveur démarré sur le port 5000"}
{"level":"info","message":"Serveur démarré sur le port 5000"}
{"level":"info","message":"Serveur démarré sur le port 5000"}
{"level":"info","message":"Serveur démarré sur le port 5000"}
{"level":"info","message":"Serveur démarré sur le port 5000"}
{"level":"info","message":"Serveur démarré sur le port 5000"}
{"level":"info","message":"Serveur démarré sur le port 5000"}
{"level":"info","message":"Serveur démarré sur le port 5000"}
{"level":"info","message":"Serveur démarré sur le port 5000"}
{"level":"info","message":"Serveur démarré sur le port 5000"}
{"level":"info","message":"Serveur démarré sur le port 5000"}
{"level":"info","message":"Serveur démarré sur le port 5000"}
{"level":"info","message":"Serveur démarré sur le port 5000"}
{"level":"info","message":"Serveur démarré sur le port 5000"}
{"level":"info","message":"Serveur démarré sur le port 5000"}
{"level":"info","message":"Serveur démarré sur le port 5000"}
{"level":"info","message":"Serveur démarré sur le port 5000"}
{"level":"info","message":"Serveur démarré sur le port 5000"}
{"level":"info","message":"Serveur démarré sur le port 5000"}
{"level":"info","message":"Serveur démarré sur le port 5000"}
{"level":"info","message":"Serveur démarré sur le port 5000"}
{"level":"info","message":"Serveur démarré sur le port 5000"}
{"level":"info","message":"Serveur démarré sur le port 5000"}
{"level":"info","message":"Serveur démarré sur le port 5000"}
{"level":"info","message":"Serveur démarré sur le port 5000"}
{"level":"info","message":"Serveur démarré sur le port 5000"}
{"level":"info","message":"Serveur démarré sur le port 5000"}
{"level":"info","message":"Serveur démarré sur le port 5000"}
{"level":"info","message":"Serveur démarré sur le port 5000"}
{"level":"info","message":"Serveur démarré sur le port 5000"}
{"level":"info","message":"Serveur démarré sur le port 5000"}
{"level":"info","message":"Serveur démarré sur le port 5000"}
{"level":"info","message":"Serveur démarré sur le port 5000"}
{"level":"info","message":"Serveur démarré sur le port 5000"}
{"level":"info","message":"Serveur démarré sur le port 5000"}
{"level":"info","message":"Serveur démarré sur le port 5000"}
{"level":"info","message":"Serveur démarré sur le port 5000"}
{"level":"info","message":"Serveur démarré sur le port 5000"}
{"level":"info","message":"Serveur démarré sur le port 5000"}
{"level":"info","message":"Serveur démarré sur le port 5000"}
{"level":"info","message":"Serveur démarré sur le port 5000"}
{"level":"info","message":"Serveur démarré sur le port 5000"}
{"level":"info","message":"Serveur démarré sur le port 5000"}
{"level":"info","message":"Serveur démarré sur le port 5000"}
{"level":"info","message":"Serveur démarré sur le port 5000"}
{"level":"info","message":"Serveur démarré sur le port 5000"}
{"level":"info","message":"Serveur démarré sur le port 5000"}
{"level":"info","message":"Serveur démarré sur le port 5000"}
{"level":"info","message":"Serveur démarré sur le port 5000"}
{"level":"info","message":"Serveur démarré sur le port 5000"}
{"level":"info","message":"Serveur démarré sur le port 5000"}
{"level":"info","message":"Serveur démarré sur le port 5000"}
{"level":"info","message":"Serveur démarré sur le port 5000"}
{"level":"info","message":"Serveur démarré sur le port 5000"}
{"level":"info","message":"Serveur démarré sur le port 5000"}
{"level":"info","message":"Serveur démarré sur le port 5000"}
{"level":"info","message":"Serveur démarré sur le port 5000"}
{"level":"info","message":"Serveur démarré sur le port 5000"}
{"level":"info","message":"Serveur démarré sur le port 5000"}
{"level":"info","message":"Serveur démarré sur le port 5000"}
{"level":"info","message":"Serveur démarré sur le port 5000"}
{"level":"info","message":"Serveur démarré sur le port 5000"}
{"level":"info","message":"Serveur démarré sur le port 5000"}
{"level":"info","message":"Serveur démarré sur le port 5000"}
{"level":"info","message":"Serveur démarré sur le port 5000"}
{"level":"info","message":"Serveur démarré sur le port 5000"}
{"level":"info","message":"Serveur démarré sur le port 5000"}
{"level":"info","message":"Serveur démarré sur le port 5000"}
{"level":"info","message":"Serveur démarré sur le port 5000"}
{"level":"info","message":"Serveur démarré sur le port 5000"}
{"level":"info","message":"Serveur démarré sur le port 5000"}
{"level":"error","message":"enterprise|E11000 duplicate key error collection: core-main.enterprises index: name_1 dup key: { name: \"kotlin123\" }"}
{"level":"info","message":"Serveur démarré sur le port 5000"}
{"level":"info","message":"Serveur démarré sur le port 5000"}
{"level":"info","message":"Serveur démarré sur le port 5000"}
{"level":"info","message":"Serveur démarré sur le port 5000"}
{"level":"info","message":"Serveur démarré sur le port 5000"}
{"level":"info","message":"Serveur démarré sur le port 5000"}
{"level":"info","message":"Serveur démarré sur le port 5000"}
{"level":"info","message":"Serveur démarré sur le port 5000"}
{"level":"info","message":"Serveur démarré sur le port 5000"}
{"level":"info","message":"Serveur démarré sur le port 5000"}
{"level":"info","message":"Serveur démarré sur le port 5000"}
{"level":"info","message":"Serveur démarré sur le port 5000"}
{"level":"info","message":"Serveur démarré sur le port 5000"}
{"level":"info","message":"Serveur démarré sur le port 5000"}
{"level":"info","message":"Serveur démarré sur le port 5000"}
{"level":"info","message":"Serveur démarré sur le port 5000"}
{"level":"info","message":"Serveur démarré sur le port 5000"}
{"level":"info","message":"Serveur démarré sur le port 5000"}
{"level":"info","message":"Serveur démarré sur le port 5000"}
{"level":"info","message":"Serveur démarré sur le port 5000"}
{"level":"info","message":"Serveur démarré sur le port 5000"}
{"level":"info","message":"Serveur démarré sur le port 5000"}
{"level":"info","message":"Serveur démarré sur le port 5000"}
{"level":"info","message":"Serveur démarré sur le port 5000"}
{"level":"info","message":"Serveur démarré sur le port 5000"}
{"level":"info","message":"Serveur démarré sur le port 5000"}
{"level":"info","message":"Serveur démarré sur le port 5000"}
{"level":"info","message":"Serveur démarré sur le port 5000"}
{"level":"info","message":"Serveur démarré sur le port 5000"}
{"level":"info","message":"Serveur démarré sur le port 5000"}
{"level":"info","message":"Serveur démarré sur le port 5000"}
{"level":"info","message":"Serveur démarré sur le port 5000"}
{"level":"info","message":"Serveur démarré sur le port 5000"}
{"level":"info","message":"Serveur démarré sur le port 5000"}
{"level":"info","message":"Serveur démarré sur le port 5000"}
{"level":"info","message":"Serveur démarré sur le port 5000"}
{"level":"info","message":"Serveur démarré sur le port 5000"}
{"level":"info","message":"Serveur démarré sur le port 5000"}
{"level":"info","message":"Serveur démarré sur le port 5000"}
{"level":"info","message":"Serveur démarré sur le port 5000"}
{"level":"info","message":"Serveur démarré sur le port 5000"}
{"level":"info","message":"Serveur démarré sur le port 5000"}
{"level":"info","message":"Serveur démarré sur le port 5000"}
{"level":"info","message":"Serveur démarré sur le port 5000"}
{"level":"info","message":"Serveur démarré sur le port 5000"}
{"level":"info","message":"Serveur démarré sur le port 5000"}
{"level":"info","message":"Serveur démarré sur le port 5000"}
{"level":"info","message":"Serveur démarré sur le port 5000"}
{"level":"info","message":"Serveur démarré sur le port 5000"}
{"level":"info","message":"Serveur démarré sur le port 5000"}
{"level":"info","message":"Serveur démarré sur le port 5000"}
{"level":"info","message":"Serveur démarré sur le port 5000"}
{"level":"info","message":"Serveur démarré sur le port 5000"}
{"level":"info","message":"Serveur démarré sur le port 5000"}
{"level":"info","message":"Serveur démarré sur le port 5000"}
{"level":"info","message":"Serveur démarré sur le port 5000"}
{"level":"info","message":"Serveur démarré sur le port 5000"}
{"level":"info","message":"Serveur démarré sur le port 5000"}
{"level":"info","message":"Serveur démarré sur le port 5000"}
{"level":"info","message":"Serveur démarré sur le port 5000"}
{"level":"info","message":"Serveur démarré sur le port 5000"}
{"level":"info","message":"Serveur démarré sur le port 5000"}
{"level":"info","message":"Serveur démarré sur le port 5000"}
{"level":"info","message":"Serveur démarré sur le port 5000"}
{"level":"info","message":"Serveur démarré sur le port 5000"}
{"level":"info","message":"Serveur démarré sur le port 5000"}
{"level":"info","message":"Serveur démarré sur le port 5000"}
{"level":"info","message":"Serveur démarré sur le port 5000"}
{"level":"info","message":"Serveur démarré sur le port 5000"}
{"level":"info","message":"Serveur démarré sur le port 5000"}
{"level":"info","message":"Serveur démarré sur le port 5000"}
{"level":"info","message":"Serveur démarré sur le port 5000"}
{"level":"info","message":"Serveur démarré sur le port 5000"}
{"level":"info","message":"Serveur démarré sur le port 5000"}
{"level":"info","message":"Serveur démarré sur le port 5000"}
{"level":"info","message":"Serveur démarré sur le port 5000"}
{"level":"info","message":"Serveur démarré sur le port 5000"}
{"level":"info","message":"Serveur démarré sur le port 5000"}
{"level":"info","message":"Serveur démarré sur le port 5000"}
{"level":"info","message":"Serveur démarré sur le port 5000"}
{"level":"info","message":"Serveur démarré sur le port 5000"}
{"level":"info","message":"Serveur démarré sur le port 5000"}
{"level":"info","message":"Serveur démarré sur le port 5000"}
{"level":"info","message":"Serveur démarré sur le port 5000"}
{"level":"info","message":"Serveur démarré sur le port 5000"}
{"level":"info","message":"Serveur démarré sur le port 5000"}
{"level":"info","message":"Serveur démarré sur le port 5000"}
{"level":"info","message":"Serveur démarré sur le port 5000"}
{"level":"info","message":"Serveur démarré sur le port 5000"}
{"level":"info","message":"Serveur démarré sur le port 5000"}
{"level":"info","message":"Serveur démarré sur le port 5000"}
{"level":"info","message":"Serveur démarré sur le port 5000"}
{"level":"info","message":"Serveur démarré sur le port 5000"}
{"level":"info","message":"Serveur démarré sur le port 5000"}
{"level":"info","message":"Serveur démarré sur le port 5000"}
{"level":"info","message":"Serveur démarré sur le port 5000"}
{"level":"info","message":"Serveur démarré sur le port 5000"}
{"level":"info","message":"Serveur démarré sur le port 5000"}
{"level":"info","message":"Serveur démarré sur le port 5000"}
{"level":"info","message":"Serveur démarré sur le port 5000"}
{"level":"info","message":"Serveur démarré sur le port 5000"}
{"level":"info","message":"Serveur démarré sur le port 5000"}
{"level":"info","message":"Serveur démarré sur le port 5000"}
{"level":"info","message":"Serveur démarré sur le port 5000"}
{"level":"info","message":"Serveur démarré sur le port 5000"}
{"level":"info","message":"Serveur démarré sur le port 5000"}
{"level":"info","message":"Serveur démarré sur le port 5000"}
{"level":"info","message":"Serveur démarré sur le port 5000"}
{"level":"info","message":"Serveur démarré sur le port 5000"}
{"level":"info","message":"Serveur démarré sur le port 5000"}
{"level":"info","message":"Serveur démarré sur le port 5000"}
{"level":"info","message":"Serveur démarré sur le port 5000"}
{"level":"info","message":"Serveur démarré sur le port 5000"}
{"level":"info","message":"Serveur démarré sur le port 5000"}
{"level":"info","message":"Serveur démarré sur le port 5000"}
{"level":"info","message":"Serveur démarré sur le port 5000"}
{"level":"info","message":"Serveur démarré sur le port 5000"}
{"level":"info","message":"Serveur démarré sur le port 5000"}
{"level":"info","message":"Serveur démarré sur le port 5000"}
{"level":"info","message":"Serveur démarré sur le port 5000"}
{"level":"info","message":"Serveur démarré sur le port 5000"}
{"level":"info","message":"Serveur démarré sur le port 5000"}
{"level":"info","message":"Serveur démarré sur le port 5000"}
{"level":"info","message":"Serveur démarré sur le port 5000"}
{"level":"info","message":"Serveur démarré sur le port 5000"}
{"level":"info","message":"Serveur démarré sur le port 5000"}
{"level":"info","message":"Serveur démarré sur le port 5000"}
{"level":"info","message":"Serveur démarré sur le port 5000"}
{"level":"info","message":"Serveur démarré sur le port 5000"}
{"level":"info","message":"Serveur démarré sur le port 5000"}
{"level":"info","message":"Serveur démarré sur le port 5000"}
{"level":"info","message":"Serveur démarré sur le port 5000"}
{"level":"info","message":"Serveur démarré sur le port 5000"}
{"level":"info","message":"Serveur démarré sur le port 5000"}
{"level":"info","message":"Serveur démarré sur le port 5000"}
{"level":"info","message":"Serveur démarré sur le port 5000"}
{"level":"info","message":"Serveur démarré sur le port 5000"}
{"level":"info","message":"Serveur démarré sur le port 5000"}
{"level":"info","message":"Serveur démarré sur le port 5000"}
{"level":"info","message":"Serveur démarré sur le port 5000"}
{"level":"info","message":"Serveur démarré sur le port 5000"}
{"level":"info","message":"Serveur démarré sur le port 5000"}
{"level":"info","message":"Serveur démarré sur le port 5000"}
{"level":"info","message":"Serveur démarré sur le port 5000"}
{"level":"info","message":"Durée : 6.331377999999859 ms"}
{"level":"info","message":"Serveur démarré sur le port 5000"}
{"level":"info","message":"Serveur démarré sur le port 5000"}
{"level":"info","message":"Serveur démarré sur le port 5000"}
{"level":"info","message":"Serveur démarré sur le port 5000"}
{"level":"info","message":"Serveur démarré sur le port 5000"}
{"level":"info","message":"Serveur démarré sur le port 5000"}
{"level":"info","message":"Serveur démarré sur le port 5000"}
{"level":"info","message":"Serveur démarré sur le port 5000"}
{"level":"info","message":"Serveur démarré sur le port 5000"}
{"level":"info","message":"Serveur démarré sur le port 5000"}
{"level":"info","message":"Serveur démarré sur le port 5000"}
{"level":"info","message":"Serveur démarré sur le port 5000"}
{"level":"info","message":"K-S-Achat|action|Fournisseur|all|Durée : 6.861550000000534 ms"}
{"level":"info","message":"Serveur démarré sur le port 5000"}
{"level":"info","message":"Serveur démarré sur le port 5000"}
{"level":"info","message":"Serveur démarré sur le port 5000"}
{"level":"info","message":"Serveur démarré sur le port 5000"}
{"level":"info","message":"Serveur démarré sur le port 5000"}
{"level":"info","message":"Serveur démarré sur le port 5000"}
{"level":"info","message":"Serveur démarré sur le port 5000"}
{"level":"info","message":"Serveur démarré sur le port 5000"}
{"level":"info","message":"Serveur démarré sur le port 5000"}
{"level":"info","message":"Serveur démarré sur le port 5000"}
{"level":"info","message":"Serveur démarré sur le port 5000"}
{"level":"info","message":"Serveur démarré sur le port 5000"}
{"level":"info","message":"K-S-Achat|action|Fournisseur|all|Durée : 6.772719000000052 ms"}
{"level":"info","message":"Serveur démarré sur le port 5000"}
{"level":"info","message":"Serveur démarré sur le port 5000"}
{"level":"info","message":"Serveur démarré sur le port 5000"}
{"level":"info","message":"Serveur démarré sur le port 5000"}
{"level":"info","message":"Serveur démarré sur le port 5000"}
{"level":"info","message":"Serveur démarré sur le port 5000"}
{"level":"info","message":"Serveur démarré sur le port 5000"}
{"level":"info","message":"Serveur démarré sur le port 5000"}
{"level":"info","message":"Serveur démarré sur le port 5000"}
{"level":"info","message":"Serveur démarré sur le port 5000"}
{"level":"info","message":"Serveur démarré sur le port 5000"}
{"level":"info","message":"Serveur démarré sur le port 5000"}
{"level":"error","message":"Promesse rejetée non gérée à [object Promise], raison: AxiosError: Request failed with status code 404"}
{"level":"error","message":"Promesse rejetée non gérée à [object Promise], raison: AxiosError: Request failed with status code 404"}
{"level":"info","message":"Serveur démarré sur le port 5000"}
{"level":"info","message":"Serveur démarré sur le port 5000"}
{"level":"info","message":"Serveur démarré sur le port 5000"}
{"level":"info","message":"Serveur démarré sur le port 5000"}
{"level":"info","message":"Serveur démarré sur le port 5000"}
{"level":"info","message":"Serveur démarré sur le port 5000"}
{"level":"info","message":"Serveur démarré sur le port 5000"}
{"level":"info","message":"Serveur démarré sur le port 5000"}
{"level":"info","message":"Serveur démarré sur le port 5000"}
{"level":"info","message":"Serveur démarré sur le port 5000"}
{"level":"info","message":"Serveur démarré sur le port 5000"}
{"level":"info","message":"Serveur démarré sur le port 5000"}
{"level":"error","message":"Promesse rejetée non gérée à [object Promise], raison: AxiosError: Request failed with status code 404"}
{"level":"info","message":"Serveur démarré sur le port 5000"}
{"level":"info","message":"Serveur démarré sur le port 5000"}
{"level":"info","message":"Serveur démarré sur le port 5000"}
{"level":"info","message":"Serveur démarré sur le port 5000"}
{"level":"info","message":"Serveur démarré sur le port 5000"}
{"level":"info","message":"Serveur démarré sur le port 5000"}
{"level":"info","message":"Serveur démarré sur le port 5000"}
{"level":"info","message":"Serveur démarré sur le port 5000"}
{"level":"info","message":"Serveur démarré sur le port 5000"}
{"level":"info","message":"Serveur démarré sur le port 5000"}
{"level":"info","message":"Serveur démarré sur le port 5000"}
{"level":"info","message":"Serveur démarré sur le port 5000"}
{"level":"error","message":"Promesse rejetée non gérée à [object Promise], raison: AxiosError: Request failed with status code 404"}
{"level":"info","message":"Serveur démarré sur le port 5000"}
{"level":"info","message":"Serveur démarré sur le port 5000"}
{"level":"info","message":"Serveur démarré sur le port 5000"}
{"level":"info","message":"Serveur démarré sur le port 5000"}
{"level":"info","message":"Serveur démarré sur le port 5000"}
{"level":"info","message":"Serveur démarré sur le port 5000"}
{"level":"info","message":"Serveur démarré sur le port 5000"}
{"level":"info","message":"Serveur démarré sur le port 5000"}
{"level":"info","message":"Serveur démarré sur le port 5000"}
{"level":"info","message":"Serveur démarré sur le port 5000"}
{"level":"info","message":"Serveur démarré sur le port 5000"}
{"level":"info","message":"Serveur démarré sur le port 5000"}
{"level":"error","message":"Promesse rejetée non gérée à [object Promise], raison: AxiosError: Request failed with status code 404"}
{"level":"info","message":"Serveur démarré sur le port 5000"}
{"level":"info","message":"Serveur démarré sur le port 5000"}
{"level":"info","message":"Serveur démarré sur le port 5000"}
{"level":"info","message":"Serveur démarré sur le port 5000"}
{"level":"info","message":"Serveur démarré sur le port 5000"}
{"level":"info","message":"Serveur démarré sur le port 5000"}
{"level":"info","message":"Serveur démarré sur le port 5000"}
{"level":"info","message":"Serveur démarré sur le port 5000"}
{"level":"info","message":"Serveur démarré sur le port 5000"}
{"level":"info","message":"Serveur démarré sur le port 5000"}
{"level":"info","message":"Serveur démarré sur le port 5000"}
{"level":"info","message":"Serveur démarré sur le port 5000"}
{"level":"info","message":"Serveur démarré sur le port 5000"}
{"level":"info","message":"Serveur démarré sur le port 5000"}
{"level":"info","message":"Serveur démarré sur le port 5000"}
{"level":"info","message":"Serveur démarré sur le port 5000"}
{"level":"info","message":"Serveur démarré sur le port 5000"}
{"level":"info","message":"Serveur démarré sur le port 5000"}
{"level":"info","message":"Serveur démarré sur le port 5000"}
{"level":"info","message":"Serveur démarré sur le port 5000"}
{"level":"info","message":"Serveur démarré sur le port 5000"}
{"level":"info","message":"Serveur démarré sur le port 5000"}
{"level":"info","message":"Serveur démarré sur le port 5000"}
{"level":"info","message":"Serveur démarré sur le port 5000"}
{"level":"error","message":"Promesse rejetée non gérée à [object Promise], raison: AxiosError: Request failed with status code 404"}
{"level":"info","message":"Serveur démarré sur le port 5000"}
{"level":"info","message":"Serveur démarré sur le port 5000"}
{"level":"info","message":"Serveur démarré sur le port 5000"}
{"level":"info","message":"Serveur démarré sur le port 5000"}
{"level":"info","message":"Serveur démarré sur le port 5000"}
{"level":"info","message":"Serveur démarré sur le port 5000"}
{"level":"info","message":"Serveur démarré sur le port 5000"}
{"level":"info","message":"Serveur démarré sur le port 5000"}
{"level":"info","message":"Serveur démarré sur le port 5000"}
{"level":"info","message":"Serveur démarré sur le port 5000"}
{"level":"info","message":"Serveur démarré sur le port 5000"}
{"level":"info","message":"Serveur démarré sur le port 5000"}
{"level":"info","message":"Serveur démarré sur le port 5000"}
{"level":"info","message":"Serveur démarré sur le port 5000"}
{"level":"info","message":"Serveur démarré sur le port 5000"}
{"level":"info","message":"Serveur démarré sur le port 5000"}
{"level":"info","message":"Serveur démarré sur le port 5000"}
{"level":"info","message":"Serveur démarré sur le port 5000"}
{"level":"info","message":"Serveur démarré sur le port 5000"}
{"level":"info","message":"Serveur démarré sur le port 5000"}
{"level":"info","message":"Serveur démarré sur le port 5000"}
{"level":"info","message":"Serveur démarré sur le port 5000"}
{"level":"info","message":"Serveur démarré sur le port 5000"}
{"level":"info","message":"Serveur démarré sur le port 5000"}
{"level":"error","message":"Promesse rejetée non gérée à [object Promise], raison: AxiosError: Request failed with status code 404"}
{"level":"info","message":"Serveur démarré sur le port 5000"}
{"level":"info","message":"Serveur démarré sur le port 5000"}
{"level":"info","message":"Serveur démarré sur le port 5000"}
{"level":"info","message":"Serveur démarré sur le port 5000"}
{"level":"info","message":"Serveur démarré sur le port 5000"}
{"level":"info","message":"Serveur démarré sur le port 5000"}
{"level":"info","message":"Serveur démarré sur le port 5000"}
{"level":"info","message":"Serveur démarré sur le port 5000"}
{"level":"info","message":"Serveur démarré sur le port 5000"}
{"level":"info","message":"Serveur démarré sur le port 5000"}
{"level":"info","message":"Serveur démarré sur le port 5000"}
{"level":"info","message":"Serveur démarré sur le port 5000"}
{"level":"error","message":"Promesse rejetée non gérée à [object Promise], raison: Error: connect ECONNREFUSED 127.0.0.1:7000"}
{"level":"error","message":"Promesse rejetée non gérée à [object Promise], raison: Error: connect ECONNREFUSED 127.0.0.1:7000"}
{"level":"error","message":"Promesse rejetée non gérée à [object Promise], raison: Error: connect ECONNREFUSED 127.0.0.1:7000"}
{"level":"info","message":"Serveur démarré sur le port 5000"}
{"level":"info","message":"Serveur démarré sur le port 5000"}
{"level":"info","message":"Serveur démarré sur le port 5000"}
{"level":"info","message":"Serveur démarré sur le port 5000"}
{"level":"info","message":"Serveur démarré sur le port 5000"}
{"level":"info","message":"Serveur démarré sur le port 5000"}
{"level":"info","message":"Serveur démarré sur le port 5000"}
{"level":"info","message":"Serveur démarré sur le port 5000"}
{"level":"info","message":"Serveur démarré sur le port 5000"}
{"level":"info","message":"Serveur démarré sur le port 5000"}
{"level":"info","message":"Serveur démarré sur le port 5000"}
{"level":"info","message":"Serveur démarré sur le port 5000"}
{"level":"info","message":"Serveur démarré sur le port 5000"}
{"level":"info","message":"Serveur démarré sur le port 5000"}
{"level":"info","message":"Serveur démarré sur le port 5000"}
{"level":"info","message":"Serveur démarré sur le port 5000"}
{"level":"info","message":"Serveur démarré sur le port 5000"}
{"level":"info","message":"Serveur démarré sur le port 5000"}
{"level":"info","message":"Serveur démarré sur le port 5000"}
{"level":"info","message":"Serveur démarré sur le port 5000"}
{"level":"info","message":"Serveur démarré sur le port 5000"}
{"level":"info","message":"Serveur démarré sur le port 5000"}
{"level":"info","message":"Serveur démarré sur le port 5000"}
{"level":"info","message":"Serveur démarré sur le port 5000"}
{"level":"info","message":"Serveur démarré sur le port 5000"}
{"level":"info","message":"Serveur démarré sur le port 5000"}
{"level":"info","message":"Serveur démarré sur le port 5000"}
{"level":"info","message":"Serveur démarré sur le port 5000"}
{"level":"info","message":"Serveur démarré sur le port 5000"}
{"level":"info","message":"Serveur démarré sur le port 5000"}
{"level":"info","message":"Serveur démarré sur le port 5000"}
{"level":"info","message":"Serveur démarré sur le port 5000"}
{"level":"info","message":"Serveur démarré sur le port 5000"}
{"level":"info","message":"Serveur démarré sur le port 5000"}
{"level":"info","message":"Serveur démarré sur le port 5000"}
{"level":"info","message":"Serveur démarré sur le port 5000"}
{"level":"info","message":"Serveur démarré sur le port 5000"}
{"level":"info","message":"Serveur démarré sur le port 5000"}
{"level":"info","message":"Serveur démarré sur le port 5000"}
{"level":"info","message":"Serveur démarré sur le port 5000"}
{"level":"info","message":"Serveur démarré sur le port 5000"}
{"level":"info","message":"Serveur démarré sur le port 5000"}
{"level":"info","message":"Serveur démarré sur le port 5000"}
{"level":"info","message":"Serveur démarré sur le port 5000"}
{"level":"info","message":"Serveur démarré sur le port 5000"}
{"level":"info","message":"Serveur démarré sur le port 5000"}
{"level":"info","message":"Serveur démarré sur le port 5000"}
{"level":"info","message":"Serveur démarré sur le port 5000"}
{"level":"error","message":"Promesse rejetée non gérée à [object Promise], raison: Error: socket hang up"}
{"level":"info","message":"Serveur démarré sur le port 5000"}
{"level":"info","message":"Serveur démarré sur le port 5000"}
{"level":"info","message":"Serveur démarré sur le port 5000"}
{"level":"info","message":"Serveur démarré sur le port 5000"}
{"level":"info","message":"Serveur démarré sur le port 5000"}
{"level":"info","message":"Serveur démarré sur le port 5000"}
{"level":"info","message":"Serveur démarré sur le port 5000"}
{"level":"info","message":"Serveur démarré sur le port 5000"}
{"level":"info","message":"Serveur démarré sur le port 5000"}
{"level":"info","message":"Serveur démarré sur le port 5000"}
{"level":"info","message":"Serveur démarré sur le port 5000"}
{"level":"info","message":"Serveur démarré sur le port 5000"}
{"level":"info","message":"Serveur démarré sur le port 5000"}
{"level":"info","message":"Serveur démarré sur le port 5000"}
{"level":"info","message":"Serveur démarré sur le port 5000"}
{"level":"info","message":"Serveur démarré sur le port 5000"}
{"level":"info","message":"Serveur démarré sur le port 5000"}
{"level":"info","message":"Serveur démarré sur le port 5000"}
{"level":"info","message":"Serveur démarré sur le port 5000"}
{"level":"info","message":"Serveur démarré sur le port 5000"}
{"level":"info","message":"Serveur démarré sur le port 5000"}
{"level":"info","message":"Serveur démarré sur le port 5000"}
{"level":"info","message":"Serveur démarré sur le port 5000"}
{"level":"info","message":"Serveur démarré sur le port 5000"}
{"level":"info","message":"Serveur démarré sur le port 5000"}
{"level":"info","message":"Serveur démarré sur le port 5000"}
{"level":"info","message":"Serveur démarré sur le port 5000"}
{"level":"info","message":"Serveur démarré sur le port 5000"}
{"level":"info","message":"Serveur démarré sur le port 5000"}
{"level":"info","message":"Serveur démarré sur le port 5000"}
{"level":"info","message":"Serveur démarré sur le port 5000"}
{"level":"info","message":"Serveur démarré sur le port 5000"}
{"level":"info","message":"Serveur démarré sur le port 5000"}
{"level":"info","message":"Serveur démarré sur le port 5000"}
{"level":"info","message":"Serveur démarré sur le port 5000"}
{"level":"info","message":"Serveur démarré sur le port 5000"}
{"level":"info","message":"Serveur démarré sur le port 5000"}
{"level":"info","message":"Serveur démarré sur le port 5000"}
{"level":"info","message":"Serveur démarré sur le port 5000"}
{"level":"info","message":"Serveur démarré sur le port 5000"}
{"level":"info","message":"Serveur démarré sur le port 5000"}
{"level":"info","message":"Serveur démarré sur le port 5000"}
{"level":"info","message":"Serveur démarré sur le port 5000"}
{"level":"info","message":"Serveur démarré sur le port 5000"}
{"level":"info","message":"Serveur démarré sur le port 5000"}
{"level":"info","message":"Serveur démarré sur le port 5000"}
{"level":"info","message":"Serveur démarré sur le port 5000"}
{"level":"info","message":"Serveur démarré sur le port 5000"}
{"level":"error","message":"Promesse rejetée non gérée à [object Promise], raison: Error: connect ECONNREFUSED 127.0.0.1:8500"}
{"level":"error","message":"Promesse rejetée non gérée à [object Promise], raison: Error: connect ECONNREFUSED 127.0.0.1:8500"}
{"level":"info","message":"Serveur démarré sur le port 5000"}
{"level":"info","message":"Serveur démarré sur le port 5000"}
{"level":"info","message":"Serveur démarré sur le port 5000"}
{"level":"info","message":"Serveur démarré sur le port 5000"}
{"level":"info","message":"Serveur démarré sur le port 5000"}
{"level":"info","message":"Serveur démarré sur le port 5000"}
{"level":"info","message":"Serveur démarré sur le port 5000"}
{"level":"info","message":"Serveur démarré sur le port 5000"}
{"level":"info","message":"Serveur démarré sur le port 5000"}
{"level":"info","message":"Serveur démarré sur le port 5000"}
{"level":"info","message":"Serveur démarré sur le port 5000"}
{"level":"info","message":"Serveur démarré sur le port 5000"}
{"level":"error","message":"Promesse rejetée non gérée à [object Promise], raison: Error: connect ECONNREFUSED 127.0.0.1:8500"}
{"level":"error","message":"Promesse rejetée non gérée à [object Promise], raison: Error: connect ECONNREFUSED 127.0.0.1:8500"}
{"level":"error","message":"Promesse rejetée non gérée à [object Promise], raison: Error: connect ECONNREFUSED 127.0.0.1:8500"}
{"level":"error","message":"Promesse rejetée non gérée à [object Promise], raison: Error: connect ECONNREFUSED 127.0.0.1:8500"}
{"level":"error","message":"Promesse rejetée non gérée à [object Promise], raison: Error: connect ECONNREFUSED 127.0.0.1:8500"}
{"level":"error","message":"Promesse rejetée non gérée à [object Promise], raison: Error: connect ECONNREFUSED 127.0.0.1:8500"}
{"level":"error","message":"Promesse rejetée non gérée à [object Promise], raison: Error: connect ECONNREFUSED 127.0.0.1:8500"}
{"level":"error","message":"Promesse rejetée non gérée à [object Promise], raison: Error: connect ECONNREFUSED 127.0.0.1:8500"}
{"level":"error","message":"Promesse rejetée non gérée à [object Promise], raison: Error: connect ECONNREFUSED 127.0.0.1:8500"}
{"level":"error","message":"Promesse rejetée non gérée à [object Promise], raison: Error: connect ECONNREFUSED 127.0.0.1:7000"}
{"level":"error","message":"Promesse rejetée non gérée à [object Promise], raison: Error: connect ECONNREFUSED 127.0.0.1:7000"}
{"level":"error","message":"Promesse rejetée non gérée à [object Promise], raison: Error: connect ECONNREFUSED 127.0.0.1:7000"}
{"level":"error","message":"Promesse rejetée non gérée à [object Promise], raison: Error: connect ECONNREFUSED 127.0.0.1:7000"}
{"level":"error","message":"Promesse rejetée non gérée à [object Promise], raison: Error: connect ECONNREFUSED 127.0.0.1:7000"}
{"level":"error","message":"Promesse rejetée non gérée à [object Promise], raison: Error: connect ECONNREFUSED 127.0.0.1:8500"}
{"level":"error","message":"Promesse rejetée non gérée à [object Promise], raison: Error: connect ECONNREFUSED 127.0.0.1:8500"}
{"level":"error","message":"Promesse rejetée non gérée à [object Promise], raison: Error: connect ECONNREFUSED 127.0.0.1:8500"}
{"level":"error","message":"Promesse rejetée non gérée à [object Promise], raison: Error: connect ECONNREFUSED 127.0.0.1:8500"}
{"level":"error","message":"Promesse rejetée non gérée à [object Promise], raison: Error: connect ECONNREFUSED 127.0.0.1:8500"}
{"level":"error","message":"Promesse rejetée non gérée à [object Promise], raison: Error: connect ECONNREFUSED 127.0.0.1:8500"}
{"level":"error","message":"Promesse rejetée non gérée à [object Promise], raison: Error: connect ECONNREFUSED 127.0.0.1:8500"}
{"level":"error","message":"Promesse rejetée non gérée à [object Promise], raison: Error: connect ECONNREFUSED 127.0.0.1:8500"}
{"level":"error","message":"Promesse rejetée non gérée à [object Promise], raison: Error: connect ECONNREFUSED 127.0.0.1:8500"}
{"level":"error","message":"Promesse rejetée non gérée à [object Promise], raison: Error: connect ECONNREFUSED 127.0.0.1:8500"}
{"level":"error","message":"Promesse rejetée non gérée à [object Promise], raison: Error: connect ECONNREFUSED 127.0.0.1:8500"}
{"level":"error","message":"Promesse rejetée non gérée à [object Promise], raison: Error: connect ECONNREFUSED 127.0.0.1:8500"}
{"level":"error","message":"Promesse rejetée non gérée à [object Promise], raison: Error: connect ECONNREFUSED 127.0.0.1:8500"}
{"level":"error","message":"Promesse rejetée non gérée à [object Promise], raison: Error: connect ECONNREFUSED 127.0.0.1:8500"}
{"level":"error","message":"Promesse rejetée non gérée à [object Promise], raison: Error: connect ECONNREFUSED 127.0.0.1:8500"}
{"level":"error","message":"Promesse rejetée non gérée à [object Promise], raison: Error: connect ECONNREFUSED 127.0.0.1:8500"}
{"level":"error","message":"Promesse rejetée non gérée à [object Promise], raison: Error: connect ECONNREFUSED 127.0.0.1:7000"}
{"level":"error","message":"Promesse rejetée non gérée à [object Promise], raison: Error: connect ECONNREFUSED 127.0.0.1:7000"}
{"level":"info","message":"Serveur démarré sur le port 5000"}
{"level":"info","message":"Serveur démarré sur le port 5000"}
{"level":"info","message":"Serveur démarré sur le port 5000"}
{"level":"info","message":"Serveur démarré sur le port 5000"}
{"level":"info","message":"Serveur démarré sur le port 5000"}
{"level":"info","message":"Serveur démarré sur le port 5000"}
{"level":"info","message":"Serveur démarré sur le port 5000"}
{"level":"info","message":"Serveur démarré sur le port 5000"}
{"level":"info","message":"Serveur démarré sur le port 5000"}
{"level":"info","message":"Serveur démarré sur le port 5000"}
{"level":"info","message":"Serveur démarré sur le port 5000"}
{"level":"info","message":"Serveur démarré sur le port 5000"}
{"level":"info","message":"Serveur démarré sur le port 5000"}
{"level":"info","message":"Serveur démarré sur le port 5000"}
{"level":"info","message":"Serveur démarré sur le port 5000"}
{"level":"info","message":"Serveur démarré sur le port 5000"}
{"level":"info","message":"Serveur démarré sur le port 5000"}
{"level":"info","message":"Serveur démarré sur le port 5000"}
{"level":"info","message":"Serveur démarré sur le port 5000"}
{"level":"info","message":"Serveur démarré sur le port 5000"}
{"level":"info","message":"Serveur démarré sur le port 5000"}
{"level":"info","message":"Serveur démarré sur le port 5000"}
{"level":"info","message":"Serveur démarré sur le port 5000"}
{"level":"info","message":"Serveur démarré sur le port 5000"}
{"level":"info","message":"CoreMain|action|workspace|create|Durée : 1.5118749999965075 ms"}
{"level":"info","message":"CoreMain|action|workspaceUser|create|Durée : 1.3791739999724086 ms"}
{"level":"info","message":"Serveur démarré sur le port 5000"}
{"level":"info","message":"Serveur démarré sur le port 5000"}
{"level":"info","message":"Serveur démarré sur le port 5000"}
{"level":"info","message":"Serveur démarré sur le port 5000"}
{"level":"info","message":"Serveur démarré sur le port 5000"}
{"level":"info","message":"Serveur démarré sur le port 5000"}
{"level":"info","message":"Serveur démarré sur le port 5000"}
{"level":"info","message":"Serveur démarré sur le port 5000"}
{"level":"info","message":"Serveur démarré sur le port 5000"}
{"level":"info","message":"Serveur démarré sur le port 5000"}
{"level":"info","message":"Serveur démarré sur le port 5000"}
{"level":"info","message":"Serveur démarré sur le port 5000"}
{"level":"error","message":"Promesse rejetée non gérée à [object Promise], raison: Error: Illegal arguments: string, undefined"}
{"level":"info","message":"Serveur démarré sur le port 5000"}
{"level":"info","message":"Serveur démarré sur le port 5000"}
{"level":"info","message":"Serveur démarré sur le port 5000"}
{"level":"info","message":"Serveur démarré sur le port 5000"}
{"level":"info","message":"Serveur démarré sur le port 5000"}
{"level":"info","message":"Serveur démarré sur le port 5000"}
{"level":"info","message":"Serveur démarré sur le port 5000"}
{"level":"info","message":"Serveur démarré sur le port 5000"}
{"level":"info","message":"Serveur démarré sur le port 5000"}
{"level":"info","message":"Serveur démarré sur le port 5000"}
{"level":"info","message":"Serveur démarré sur le port 5000"}
{"level":"info","message":"Serveur démarré sur le port 5000"}
{"level":"error","message":"Promesse rejetée non gérée à [object Promise], raison: Error: Illegal arguments: string, undefined"}
{"level":"info","message":"Serveur démarré sur le port 5000"}
{"level":"info","message":"Serveur démarré sur le port 5000"}
{"level":"info","message":"Serveur démarré sur le port 5000"}
{"level":"info","message":"Serveur démarré sur le port 5000"}
{"level":"info","message":"Serveur démarré sur le port 5000"}
{"level":"info","message":"Serveur démarré sur le port 5000"}
{"level":"info","message":"Serveur démarré sur le port 5000"}
{"level":"info","message":"Serveur démarré sur le port 5000"}
{"level":"info","message":"Serveur démarré sur le port 5000"}
{"level":"info","message":"Serveur démarré sur le port 5000"}
{"level":"info","message":"Serveur démarré sur le port 5000"}
{"level":"info","message":"Serveur démarré sur le port 5000"}
{"level":"error","message":"Promesse rejetée non gérée à [object Promise], raison: Error: connect ECONNREFUSED 127.0.0.1:7000"}
{"level":"error","message":"Promesse rejetée non gérée à [object Promise], raison: Error: connect ECONNREFUSED 127.0.0.1:7000"}
{"level":"error","message":"Promesse rejetée non gérée à [object Promise], raison: Error: connect ECONNREFUSED 127.0.0.1:7000"}
{"level":"error","message":"Promesse rejetée non gérée à [object Promise], raison: Error: connect ECONNREFUSED 127.0.0.1:7000"}
{"level":"info","message":"Serveur démarré sur le port 5000"}
{"level":"info","message":"Serveur démarré sur le port 5000"}
{"level":"info","message":"Serveur démarré sur le port 5000"}
{"level":"info","message":"Serveur démarré sur le port 5000"}
{"level":"info","message":"Serveur démarré sur le port 5000"}
{"level":"info","message":"Serveur démarré sur le port 5000"}
{"level":"info","message":"Serveur démarré sur le port 5000"}
{"level":"info","message":"Serveur démarré sur le port 5000"}
{"level":"info","message":"Serveur démarré sur le port 5000"}
{"level":"info","message":"Serveur démarré sur le port 5000"}
{"level":"info","message":"Serveur démarré sur le port 5000"}
{"level":"info","message":"Serveur démarré sur le port 5000"}
{"level":"info","message":"Requête reçue : GET /product/all"}
{"level":"error","message":"Access denied. No token provided"}
{"level":"info","message":"Requête reçue : GET /product/all"}
{"level":"error","message":"Access denied. No token provided"}
{"level":"info","message":"Requête reçue : GET /product/all"}
{"level":"error","message":"Access denied. No token provided"}
{"level":"info","message":"Requête reçue : GET /product/all"}
{"level":"error","message":"Access denied. No token provided"}
{"level":"info","message":"Requête reçue : GET /product/all"}
{"level":"error","message":"Access denied. No token provided"}
{"level":"info","message":"Serveur démarré sur le port 5000"}
{"level":"info","message":"Serveur démarré sur le port 5000"}
{"level":"info","message":"Serveur démarré sur le port 5000"}
{"level":"info","message":"Serveur démarré sur le port 5000"}
{"level":"info","message":"Serveur démarré sur le port 5000"}
{"level":"info","message":"Serveur démarré sur le port 5000"}
{"level":"info","message":"Serveur démarré sur le port 5000"}
{"level":"info","message":"Serveur démarré sur le port 5000"}
{"level":"info","message":"Serveur démarré sur le port 5000"}
{"level":"info","message":"Serveur démarré sur le port 5000"}
{"level":"info","message":"Serveur démarré sur le port 5000"}
{"level":"info","message":"Serveur démarré sur le port 5000"}
{"level":"info","message":"Serveur démarré sur le port 5000"}
{"level":"info","message":"Serveur démarré sur le port 5000"}
{"level":"info","message":"Serveur démarré sur le port 5000"}
{"level":"info","message":"Serveur démarré sur le port 5000"}
{"level":"info","message":"Serveur démarré sur le port 5000"}
{"level":"info","message":"Serveur démarré sur le port 5000"}
{"level":"info","message":"Serveur démarré sur le port 5000"}
{"level":"info","message":"Serveur démarré sur le port 5000"}
{"level":"info","message":"Serveur démarré sur le port 5000"}
{"level":"info","message":"Serveur démarré sur le port 5000"}
{"level":"info","message":"Serveur démarré sur le port 5000"}
{"level":"info","message":"Serveur démarré sur le port 5000"}
{"level":"info","message":"Requête reçue : GET /product/all"}
{"level":"error","message":"Access denied. No token provided"}
{"level":"info","message":"Requête reçue : GET /product/all"}
{"level":"error","message":"Access denied. No token provided"}
{"level":"info","message":"Requête reçue : GET /product/all"}
{"level":"error","message":"Access denied. No token provided"}
{"level":"info","message":"Requête reçue : GET /product/all"}
{"level":"error","message":"Access denied. No token provided"}
{"level":"info","message":"Requête reçue : GET /product/all"}
{"level":"error","message":"Access denied. No token provided"}
{"level":"info","message":"Requête reçue : GET /product/all"}
{"level":"info","message":"Requête reçue : GET /product/all"}
{"level":"info","message":"Requête reçue : GET /product/all"}
{"level":"info","message":"Requête reçue : GET /product/all"}
{"level":"info","message":"Requête reçue : GET /product/all"}
{"level":"error","message":"Promesse rejetée non gérée à [object Promise], raison: Error: connect ECONNREFUSED 127.0.0.1:8500"}
{"level":"info","message":"Serveur démarré sur le port 5000"}
{"level":"info","message":"Serveur démarré sur le port 5000"}
{"level":"info","message":"Serveur démarré sur le port 5000"}
{"level":"info","message":"Serveur démarré sur le port 5000"}
{"level":"info","message":"Serveur démarré sur le port 5000"}
{"level":"info","message":"Serveur démarré sur le port 5000"}
{"level":"info","message":"Serveur démarré sur le port 5000"}
{"level":"info","message":"Serveur démarré sur le port 5000"}
{"level":"info","message":"Serveur démarré sur le port 5000"}
{"level":"info","message":"Serveur démarré sur le port 5000"}
{"level":"info","message":"Serveur démarré sur le port 5000"}
{"level":"info","message":"Serveur démarré sur le port 5000"}
{"level":"info","message":"Perfomance | Durée : 1.975867000001017 ms"}
{"level":"info","message":"Perfomance | Durée : 2.0043640000003506 ms"}
{"level":"info","message":"Serveur démarré sur le port 5000"}
{"level":"info","message":"Serveur démarré sur le port 5000"}
{"level":"info","message":"Serveur démarré sur le port 5000"}
{"level":"info","message":"Serveur démarré sur le port 5000"}
{"level":"info","message":"Serveur démarré sur le port 5000"}
{"level":"info","message":"Serveur démarré sur le port 5000"}
{"level":"info","message":"Serveur démarré sur le port 5000"}
{"level":"info","message":"Serveur démarré sur le port 5000"}
{"level":"info","message":"Serveur démarré sur le port 5000"}
{"level":"info","message":"Serveur démarré sur le port 5000"}
{"level":"info","message":"Serveur démarré sur le port 5000"}
{"level":"info","message":"Serveur démarré sur le port 5000"}
{"level":"info","message":"Perfomance | Durée : 2.080074000001332 ms"}
{"level":"info","message":"Requête reçue : GET /product/all"}
{"level":"error","message":"Access denied. No token provided"}
{"level":"info","message":"Requête reçue : GET /product/all"}
{"level":"error","message":"Access denied. No token provided"}
{"level":"info","message":"Serveur démarré sur le port 5000"}
{"level":"info","message":"Serveur démarré sur le port 5000"}
{"level":"info","message":"Serveur démarré sur le port 5000"}
{"level":"info","message":"Serveur démarré sur le port 5000"}
{"level":"info","message":"Serveur démarré sur le port 5000"}
{"level":"info","message":"Serveur démarré sur le port 5000"}
{"level":"info","message":"Serveur démarré sur le port 5000"}
{"level":"info","message":"Serveur démarré sur le port 5000"}
{"level":"info","message":"Serveur démarré sur le port 5000"}
{"level":"info","message":"Serveur démarré sur le port 5000"}
{"level":"info","message":"Serveur démarré sur le port 5000"}
{"level":"info","message":"Serveur démarré sur le port 5000"}
{"level":"info","message":"Serveur démarré sur le port 5000"}
{"level":"info","message":"Serveur démarré sur le port 5000"}
{"level":"info","message":"Serveur démarré sur le port 5000"}
{"level":"info","message":"Serveur démarré sur le port 5000"}
{"level":"info","message":"Serveur démarré sur le port 5000"}
{"level":"info","message":"Serveur démarré sur le port 5000"}
{"level":"info","message":"Serveur démarré sur le port 5000"}
{"level":"info","message":"Serveur démarré sur le port 5000"}
{"level":"info","message":"Serveur démarré sur le port 5000"}
{"level":"info","message":"Serveur démarré sur le port 5000"}
{"level":"info","message":"Serveur démarré sur le port 5000"}
{"level":"info","message":"Serveur démarré sur le port 5000"}
{"level":"info","message":"CoreMain|action|workspace|create|Durée : 0.4234689999721013 ms"}
{"level":"info","message":"CoreMain|action|workspaceUser|create|Durée : 0.6783319999813102 ms"}
