{"level":"info","message":"Serveur démarré sur le port 5000"}
{"level":"info","message":"Serveur démarré sur le port 5000"}
{"level":"info","message":"Serveur démarré sur le port 5000"}
{"level":"info","message":"Serveur démarré sur le port 5000"}
{"level":"info","message":"Serveur démarré sur le port 5000"}
{"level":"info","message":"Serveur démarré sur le port 5000"}
{"level":"info","message":"Serveur démarré sur le port 5000"}
{"level":"info","message":"Serveur démarré sur le port 5000"}
{"level":"info","message":"Serveur démarré sur le port 5000"}
{"level":"info","message":"Serveur démarré sur le port 5000"}
{"level":"info","message":"Serveur démarré sur le port 5000"}
{"level":"info","message":"Serveur démarré sur le port 5000"}
{"level":"info","message":"Serveur démarré sur le port 5000"}
{"level":"info","message":"Serveur démarré sur le port 5000"}
{"level":"info","message":"Serveur démarré sur le port 5000"}
{"level":"info","message":"Serveur démarré sur le port 5000"}
{"level":"info","message":"Serveur démarré sur le port 5000"}
{"level":"info","message":"Serveur démarré sur le port 5000"}
{"level":"info","message":"Serveur démarré sur le port 5000"}
{"level":"info","message":"Serveur démarré sur le port 5000"}
{"level":"info","message":"Serveur démarré sur le port 5000"}
{"level":"info","message":"Serveur démarré sur le port 5000"}
{"level":"info","message":"Serveur démarré sur le port 5000"}
{"level":"info","message":"Serveur démarré sur le port 5000"}
{"level":"info","message":"Requête reçue : GET /product/all"}
{"level":"error","message":"Access denied. No token provided"}
{"level":"info","message":"Requête reçue : GET /product/all"}
{"level":"error","message":"Access denied. No token provided"}
{"level":"info","message":"Requête reçue : GET /product/all"}
{"level":"error","message":"Access denied. No token provided"}
{"level":"info","message":"Requête reçue : GET /product/all"}
{"level":"error","message":"Access denied. No token provided"}
{"level":"info","message":"Requête reçue : GET /product/all"}
{"level":"error","message":"Access denied. No token provided"}
{"level":"info","message":"Requête reçue : GET /product/all"}
{"level":"info","message":"Requête reçue : GET /product/all"}
{"level":"info","message":"Requête reçue : GET /product/all"}
{"level":"info","message":"Requête reçue : GET /product/all"}
{"level":"info","message":"Requête reçue : GET /product/all"}
{"level":"error","message":"Promesse rejetée non gérée à [object Promise], raison: Error: connect ECONNREFUSED 127.0.0.1:8500"}
{"level":"info","message":"Serveur démarré sur le port 5000"}
{"level":"info","message":"Serveur démarré sur le port 5000"}
{"level":"info","message":"Serveur démarré sur le port 5000"}
{"level":"info","message":"Serveur démarré sur le port 5000"}
{"level":"info","message":"Serveur démarré sur le port 5000"}
{"level":"info","message":"Serveur démarré sur le port 5000"}
{"level":"info","message":"Serveur démarré sur le port 5000"}
{"level":"info","message":"Serveur démarré sur le port 5000"}
{"level":"info","message":"Serveur démarré sur le port 5000"}
{"level":"info","message":"Serveur démarré sur le port 5000"}
{"level":"info","message":"Serveur démarré sur le port 5000"}
{"level":"info","message":"Serveur démarré sur le port 5000"}
{"level":"info","message":"Perfomance | Durée : 1.975867000001017 ms"}
{"level":"info","message":"Perfomance | Durée : 2.0043640000003506 ms"}
{"level":"info","message":"Serveur démarré sur le port 5000"}
{"level":"info","message":"Serveur démarré sur le port 5000"}
{"level":"info","message":"Serveur démarré sur le port 5000"}
{"level":"info","message":"Serveur démarré sur le port 5000"}
{"level":"info","message":"Serveur démarré sur le port 5000"}
{"level":"info","message":"Serveur démarré sur le port 5000"}
{"level":"info","message":"Serveur démarré sur le port 5000"}
{"level":"info","message":"Serveur démarré sur le port 5000"}
{"level":"info","message":"Serveur démarré sur le port 5000"}
{"level":"info","message":"Serveur démarré sur le port 5000"}
{"level":"info","message":"Serveur démarré sur le port 5000"}
{"level":"info","message":"Serveur démarré sur le port 5000"}
{"level":"info","message":"Perfomance | Durée : 2.080074000001332 ms"}
