{"level":"info","message":"Serveur démarré sur le port 5000"}
{"level":"info","message":"Serveur démarré sur le port 5000"}
{"level":"info","message":"Serveur démarré sur le port 5000"}
{"level":"info","message":"Serveur démarré sur le port 5000"}
{"level":"info","message":"Serveur démarré sur le port 5000"}
{"level":"info","message":"Serveur démarré sur le port 5000"}
{"level":"info","message":"Serveur démarré sur le port 5000"}
{"level":"info","message":"Serveur démarré sur le port 5000"}
{"level":"info","message":"Serveur démarré sur le port 5000"}
{"level":"info","message":"Serveur démarré sur le port 5000"}
{"level":"info","message":"Serveur démarré sur le port 5000"}
{"level":"info","message":"Serveur démarré sur le port 5000"}
{"level":"error","message":"Promesse rejetée non gérée à [object Promise], raison: Error: Illegal arguments: string, undefined"}
{"level":"info","message":"Serveur démarré sur le port 5000"}
{"level":"info","message":"Serveur démarré sur le port 5000"}
{"level":"info","message":"Serveur démarré sur le port 5000"}
{"level":"info","message":"Serveur démarré sur le port 5000"}
{"level":"info","message":"Serveur démarré sur le port 5000"}
{"level":"info","message":"Serveur démarré sur le port 5000"}
{"level":"info","message":"Serveur démarré sur le port 5000"}
{"level":"info","message":"Serveur démarré sur le port 5000"}
{"level":"info","message":"Serveur démarré sur le port 5000"}
{"level":"info","message":"Serveur démarré sur le port 5000"}
{"level":"info","message":"Serveur démarré sur le port 5000"}
{"level":"info","message":"Serveur démarré sur le port 5000"}
{"level":"error","message":"Promesse rejetée non gérée à [object Promise], raison: Error: Illegal arguments: string, undefined"}
{"level":"info","message":"Serveur démarré sur le port 5000"}
{"level":"info","message":"Serveur démarré sur le port 5000"}
{"level":"info","message":"Serveur démarré sur le port 5000"}
{"level":"info","message":"Serveur démarré sur le port 5000"}
{"level":"info","message":"Serveur démarré sur le port 5000"}
{"level":"info","message":"Serveur démarré sur le port 5000"}
{"level":"info","message":"Serveur démarré sur le port 5000"}
{"level":"info","message":"Serveur démarré sur le port 5000"}
{"level":"info","message":"Serveur démarré sur le port 5000"}
{"level":"info","message":"Serveur démarré sur le port 5000"}
{"level":"info","message":"Serveur démarré sur le port 5000"}
{"level":"info","message":"Serveur démarré sur le port 5000"}
{"level":"error","message":"Promesse rejetée non gérée à [object Promise], raison: Error: connect ECONNREFUSED 127.0.0.1:7000"}
{"level":"error","message":"Promesse rejetée non gérée à [object Promise], raison: Error: connect ECONNREFUSED 127.0.0.1:7000"}
{"level":"error","message":"Promesse rejetée non gérée à [object Promise], raison: Error: connect ECONNREFUSED 127.0.0.1:7000"}
{"level":"error","message":"Promesse rejetée non gérée à [object Promise], raison: Error: connect ECONNREFUSED 127.0.0.1:7000"}
{"level":"info","message":"Serveur démarré sur le port 5000"}
{"level":"info","message":"Serveur démarré sur le port 5000"}
{"level":"info","message":"Serveur démarré sur le port 5000"}
{"level":"info","message":"Serveur démarré sur le port 5000"}
{"level":"info","message":"Serveur démarré sur le port 5000"}
{"level":"info","message":"Serveur démarré sur le port 5000"}
{"level":"info","message":"Serveur démarré sur le port 5000"}
{"level":"info","message":"Serveur démarré sur le port 5000"}
{"level":"info","message":"Serveur démarré sur le port 5000"}
{"level":"info","message":"Serveur démarré sur le port 5000"}
{"level":"info","message":"Serveur démarré sur le port 5000"}
{"level":"info","message":"Serveur démarré sur le port 5000"}
{"level":"info","message":"Requête reçue : GET /product/all"}
{"level":"error","message":"Access denied. No token provided"}
{"level":"info","message":"Requête reçue : GET /product/all"}
{"level":"error","message":"Access denied. No token provided"}
{"level":"info","message":"Requête reçue : GET /product/all"}
{"level":"error","message":"Access denied. No token provided"}
{"level":"info","message":"Requête reçue : GET /product/all"}
{"level":"error","message":"Access denied. No token provided"}
{"level":"info","message":"Requête reçue : GET /product/all"}
{"level":"error","message":"Access denied. No token provided"}
